<?xml version="1.0" encoding="UTF-8"?>
<coverage generated="1716225169915" clover="3.2.0">
  <project timestamp="1716225169915" name="All files">
    <metrics statements="2" coveredstatements="2" conditionals="7" coveredconditionals="7" methods="1" coveredmethods="1" elements="10" coveredelements="10" complexity="0" loc="2" ncloc="2" packages="1" files="1" classes="1"/>
    <file name="input.jsx" path="/home/mourad/git_workspace/DentalDocFrontend/src/common/input.jsx">
      <metrics statements="2" coveredstatements="2" conditionals="7" coveredconditionals="7" methods="1" coveredmethods="1"/>
      <line num="2" count="1" type="stmt"/>
      <line num="13" count="5" type="stmt"/>
    </file>
  </project>
</coverage>
