{"/home/mourad/git_workspace/DentalDocFrontend/src/common/input.jsx": {"path":"/home/mourad/git_workspace/DentalDocFrontend/src/common/input.jsx","statementMap":{"0":{"start":{"line":2,"column":14},"end":{"line":47,"column":1}},"1":{"start":{"line":13,"column":2},"end":{"line":46,"column":4}}},"fnMap":{"0":{"name":"(anonymous_0)","decl":{"start":{"line":2,"column":14},"end":{"line":2,"column":15}},"loc":{"start":{"line":12,"column":6},"end":{"line":47,"column":1}},"line":12}},"branchMap":{"0":{"loc":{"start":{"line":9,"column":2},"end":{"line":9,"column":21}},"type":"default-arg","locations":[{"start":{"line":9,"column":15},"end":{"line":9,"column":21}}],"line":9},"1":{"loc":{"start":{"line":16,"column":9},"end":{"line":24,"column":9}},"type":"binary-expr","locations":[{"start":{"line":16,"column":9},"end":{"line":16,"column":14}},{"start":{"line":17,"column":10},"end":{"line":23,"column":18}}],"line":16},"2":{"loc":{"start":{"line":27,"column":12},"end":{"line":27,"column":80}},"type":"cond-expr","locations":[{"start":{"line":27,"column":23},"end":{"line":27,"column":50}},{"start":{"line":27,"column":53},"end":{"line":27,"column":80}}],"line":27},"3":{"loc":{"start":{"line":36,"column":7},"end":{"line":44,"column":7}},"type":"binary-expr","locations":[{"start":{"line":36,"column":7},"end":{"line":36,"column":12}},{"start":{"line":37,"column":8},"end":{"line":43,"column":14}}],"line":36}},"s":{"0":1,"1":5},"f":{"0":5},"b":{"0":[5],"1":[5,2],"2":[1,4],"3":[5,1]},"_coverageSchema":"1a1c01bbd47fc00a2c39e90264f33305004495a9","hash":"a8f3fb6c9ef79352bdfb07995de3d74d2aba3580"}
}
